HW-9009: ~/.sdm-localhost zubrzycki.ngrok.io:INA % svn export https://repo.cs.pwr.edu.pl/272329-dir/mk1
A    mk1
A    mk1/AISD
A    mk1/AISD/Lista2
A    mk1/AISD/Lista2/plots
A    mk1/AISD/Lista3
A    mk1/AISD/Lista3/plots
A    mk1/AISD/Lista4
A    mk1/AISD/Lista4/bst
A    mk1/AISD/Lista4/rbt
A    mk1/AISD/Lista4/zad1
A    mk1/AISD/Lista4/bst/search.go
A    mk1/AISD/Lista4/rbt/complexity_results.go
A    mk1/AISD/Lista4/rbt/rotate.go
A    mk1/AISD/Lista4/rbt/tree_insert.go
A    mk1/AISD/Lista2/generate_graphs.py
A    mk1/AISD/Lista2/generator_losowy.py
A    mk1/AISD/Lista2/generator_malejacy.py
A    mk1/AISD/Lista4/zad2
A    mk1/AISD/Lista4/zad3
A    mk1/AISD/Lista4/zad4
A    mk1/AISD/Lista2/generator_rosnacy.py
A    mk1/AISD/Lista2/main.cpp
A    mk1/AISD/Lista2/main.h
A    mk1/AISD/Lista4/zad2/main.go
A    mk1/AISD/Lista4/zad5&zad6
A    mk1/AISD/Lista4/zad5&zad6/plots and results
A    mk1/AISD/Lista3/plots/swaps_select7.png
A    mk1/AISD/Lista3/randselect.rs
A    mk1/AISD/Lista3/select3.rs
A    mk1/AISD/Lista3/select9.rs
A    mk1/AISD/Lista4/bst/delete.go
A    mk1/AISD/Lista4/rbt/add.go
A    mk1/AISD/Lista4/rbt/print.go
A    mk1/AISD/Lista4/rbt/succesor.go
A    mk1/AISD/Lista4/zad1/main.go
A    mk1/AISD/Lista4/zad3/main.go
A    mk1/AISD/Lista2/plots/Comparisons.png
A    mk1/AISD/Lista4/zad5&zad6/util
A    mk1/AISD/Lista5
A    mk1/AISD/Lista4/zad5&zad6/main.cpp
A    mk1/AISD/Lista4/zad4/main.go
A    mk1/AISD/Lista4/zad5&zad6/plots and results/results_random.csv
A    mk1/AISD/Lista2/plots/Comparisonsovern.png
A    mk1/AISD/Lista4/zad5&zad6/random.cpp
A    mk1/Lista
A    mk1/Lista0
A    mk1/Lista1
A    mk1/AISD/Lista4/zad5&zad6/tree.hpp
A    mk1/AISD/Lista2/plots/Swaps.png
A    mk1/AISD/Lista2/plots/Swapsovern.png
A    mk1/AISD/Lista2/recording
A    mk1/AISD/Lista2/run_experiment.py
A    mk1/AISD/Lista2/sorts.cpp
A    mk1/AISD/Lista2/sorts.h
A    mk1/Lista2
A    mk1/Lista2/CPP
A    mk1/Lista2/Java
A    mk1/AISD/Lista5/plot2.png
A    mk1/Lista1/LiczbyPierwsze.java
A    mk1/Lista2/CPP/WierszTrojkataPascala.h
A    mk1/Lista3
A    mk1/Lista3/.vscode
A    mk1/Lista3/Zad1
A    mk1/AISD/Lista4/zad5&zad6/plots and results/results_sorted.png
A    mk1/AISD/Lista4/zad5&zad6/splay.hpp
A    mk1/AISD/Lista4/zad2/results_random.png
A    mk1/Lista3/.vscode/c_cpp_properties.json
A    mk1/AISD/Lista5/plot1.png
A    mk1/Lista1/LiczbyPierwsze.hpp
A    mk1/Lista2/CPP/WierszTrojkataPascala.cpp
A    mk1/Lista2/Java/WierszTrojkataPascala.java
A    mk1/Lista3/Zad1/Figury.java
A    mk1/Lista3/Zad1/FiguraInterface.java
A    mk1/Lista3/Zad1/Prostokat.java
A    mk1/Lista3/Zad1/Pieciokat.java
A    mk1/Lista3/Zad2
A    mk1/Lista3/Zad2/.vscode
A    mk1/Lista3/Zad2/Czworobok.cpp
A    mk1/Lista3/Zad2/.vscode/c_cpp_properties.json
A    mk1/AISD/Lista4/zad4/results_random.png
A    mk1/AISD/Lista4/zad5&zad6/plots and results/results_random.png
A    mk1/AISD/Lista4/zad5&zad6/random.hpp
A    mk1/AISD/Lista4/zad5&zad6/zad6.cpp
A    mk1/Lista3/Zad2/Kolo.hpp
A    mk1/Lista3/Zad2/Pieciokat.cpp
A    mk1/Lista3/Zad2/Kolo.cpp
A    mk1/Lista3/Zad2/Main.cpp
A    mk1/AISD/Lista5/zad5
A    mk1/Lista1/Test.cpp
A    mk1/Lista2/CPP/main.cpp
A    mk1/Lista3/Zad1/Czworokat.java
A    mk1/Lista3/Zad1/Kolo.java
A    mk1/Lista3/Zad1/Romb.java
A    mk1/Lista3/Zad2/Czworobok.hpp
A    mk1/Lista3/Zad2/Kwadrat.cpp
A    mk1/Lista3/Zad2/Pieciokat.hpp
A    mk1/Lista3/Zad3
A    mk1/Lista4
A    mk1/Lista4/Zad1
A    mk1/Lista3/Zad2/Romb.cpp
A    mk1/Lista3/Zad2/Prostokat.hpp
A    mk1/Lista3/Zad2/Szesciokat.hpp
A    mk1/Lista3/Zad3/Jeden.java
A    mk1/Lista3/Zad3/Dwa.java
A    mk1/Lista4/Zad1/Controller.java
A    mk1/Lista3/Zad2/Romb.hpp
A    mk1/Lista3/Zad3/Figura.java
A    mk1/Lista4/Zad1/Main.fxml
A    mk1/Lista4/Zad2
A    mk1/Lista4/Zad1/TrojkatPascala.java
A    mk1/Lista4/Zad2/Controller.java
A    mk1/Lista4/Zad1/Trojkat1.iml
A    mk1/Lista4/Zad2/Main.java
A    mk1/Lista5
A    mk1/AISD/Lista3/demo.cast
A    mk1/AISD/Lista3/generator.rs
A    mk1/AISD/Lista3/main.rs
A    mk1/Lista5/EPolygon.java
A    mk1/Lista5/Controller.java
A    mk1/Lista5/Info.fxml
A    mk1/Lista6
A    mk1/AISD/Lista3/plots/comparisons_rand.png
A    mk1/Lista4/Zad2/PascalT
A    mk1/Lista5/ERectangle.java
A    mk1/AISD/Lista3/plots/comparisons_select.png
A    mk1/Lista5/Main.java
A    mk1/Lista6/Main.java
A    mk1/TP
A    mk1/TP/Lista0
A    mk1/TP/Lista1
A    mk1/Lista5/MainPanel.fxml
A    mk1/Lista6/RandomGenerator.java
A    mk1/Lista6/Cell.java
A    mk1/AISD/Lista3/plots/comparisons_select3.png
A    mk1/TP/Lista2
A    mk1/TP/Lista2/CPP
A    mk1/TP/Lista2/Java
A    mk1/AISD/Lista3/plots/comparisons_select7.png
A    mk1/TP/Lista1/LiczbyPierwsze.hpp
A    mk1/Lista6/main.fxml
A    mk1/TP/Lista1/LiczbyPierwsze.java
A    mk1/TP/Lista3
A    mk1/TP/Lista3/.vscode
A    mk1/TP/Lista3/Zad1
A    mk1/TP/Lista1/Test.cpp
A    mk1/TP/Lista2/CPP/WierszTrojkataPascala.h
A    mk1/TP/Lista2/CPP/WierszTrojkataPascala.cpp
A    mk1/TP/Lista2/CPP/main.cpp
A    mk1/AISD/Lista3/plots/comparisons_select9.png
A    mk1/TP/Lista3/.vscode/c_cpp_properties.json
A    mk1/TP/Lista2/Java/WierszTrojkataPascala.java
A    mk1/TP/Lista3/Zad1/Czworokat.java
A    mk1/AISD/Lista3/plots/swaps_rand.png
A    mk1/AISD/Lista3/plots/swaps_select.png
A    mk1/TP/Lista3/Zad1/Figury.java
A    mk1/TP/Lista3/Zad1/Prostokat.java
A    mk1/TP/Lista3/Zad2
A    mk1/TP/Lista3/Zad2/.vscode
A    mk1/TP/Lista3/Zad1/FiguraInterface.java
A    mk1/TP/Lista3/Zad1/Pieciokat.java
A    mk1/TP/Lista3/Zad1/Kolo.java
A    mk1/TP/Lista3/Zad1/Romb.java
A    mk1/AISD/Lista3/plots/swaps_select3.png
A    mk1/AISD/Lista3/plots/swaps_select9.png
A    mk1/AISD/Lista3/select.rs
A    mk1/AISD/Lista3/select7.rs
A    mk1/AISD/Lista4/bst/complexity_results.go
A    mk1/AISD/Lista4/bst/tree_insert.go
A    mk1/AISD/Lista4/rbt/delete.go
A    mk1/AISD/Lista4/rbt/search.go
A    mk1/TP/Lista3/Zad2/Czworobok.hpp
A    mk1/TP/Lista3/Zad2/.vscode/c_cpp_properties.json
A    mk1/TP/Lista3/Zad2/Kolo.cpp
A    mk1/TP/Lista3/Zad2/Czworobok.cpp
A    mk1/TP/Lista3/Zad2/Kolo.hpp
A    mk1/TP/Lista3/Zad3
A    mk1/TP/Lista3/Zad2/Main.cpp
A    mk1/TP/Lista3/Zad2/Pieciokat.cpp
A    mk1/TP/Lista3/Zad2/Kwadrat.cpp
A    mk1/TP/Lista4
A    mk1/TP/Lista4/Zad1
A    mk1/TP/Lista3/Zad2/Pieciokat.hpp
A    mk1/AISD/Lista4/sprawozdanie.cast
A    mk1/TP/Lista3/Zad2/Romb.cpp
A    mk1/TP/Lista3/Zad2/Romb.hpp
A    mk1/TP/Lista3/Zad2/Prostokat.hpp
A    mk1/TP/Lista4/Zad2
A    mk1/TP/Lista3/Zad3/Dwa.java
A    mk1/TP/Lista4/Zad1/Controller.java
A    mk1/TP/Lista3/Zad2/Szesciokat.hpp
A    mk1/TP/Lista3/Zad3/Jeden.java
A    mk1/TP/Lista3/Zad3/Figura.java
A    mk1/TP/Lista4/Zad1/Main.fxml
A    mk1/TP/Lista5
A    mk1/TP/Lista4/Zad2/Controller.java
A    mk1/TP/Lista4/Zad1/TrojkatPascala.java
A    mk1/TP/Lista4/Zad1/Trojkat1.iml
A    mk1/TP/Lista4/Zad2/Main.java
A    mk1/TP/Lista4/Zad2/PascalT
A    mk1/TP/Lista5/ERectangle.java
A    mk1/TP/Lista5/EPolygon.java
A    mk1/TP/Lista6
A    mk1/TP/Lista5/Controller.java
A    mk1/TP/Lista5/Info.fxml
A    mk1/TP/Lista5/Main.java
A    mk1/TP/Lista5/MainPanel.fxml
A    mk1/TP/Lista6/RandomGenerator.java
A    mk1/TP/Lista6/Main.java
A    mk1/TS
A    mk1/TS/l1
A    mk1/TS/l2
A    mk1/TS/l2/src
A    mk1/TP/Lista6/Cell.java
A    mk1/TS/l2/src/lib.rs
A    mk1/TP/Lista6/main.fxml
A    mk1/TS/l3
A    mk1/TS/l3/decode
A    mk1/AISD/Lista4/zad2/results_sorted.png
A    mk1/TS/l3/Wire.java
A    mk1/TS/l2/src/main.rs
A    mk1/TS/l3/decode/main.go
A    mk1/AISD/Lista4/zad4/results_sorted.png
A    mk1/AISD/Lista4/zad5&zad6/plots and results/results_sorted.csv
A    mk1/AISD/Lista4/zad5&zad6/splay.cpp
A    mk1/TS/l3/encode
A    mk1/TS/l4
A    mk1/WSPOLBIESZNE
A    mk1/WSPOLBIESZNE/Lista1
A    mk1/AISD/Lista5/main.go
A    mk1/Lista1/LiczbyPierwsze.cpp
A    mk1/Lista1/Test.java
A    mk1/Lista2/Java/Test.java
A    mk1/Lista3/Zad1/Figura.java
A    mk1/Lista3/Zad1/Kwadrat.java
A    mk1/Lista3/Zad1/Szesciokat.java
A    mk1/Lista3/Zad2/Figura.hpp
A    mk1/Lista3/Zad2/Kwadrat.hpp
A    mk1/Lista3/Zad2/Prostokat.cpp
A    mk1/Lista3/Zad2/Szesciokat.cpp
A    mk1/Lista3/Zad3/Figury.java
A    mk1/Lista4/Zad1/Main.java
A    mk1/Lista4/Zad2/Main.fxml
A    mk1/Lista5/ECircle.java
A    mk1/Lista5/InfoController.java
A    mk1/Lista6/Controller.java
A    mk1/TP/Lista1/LiczbyPierwsze.cpp
A    mk1/TP/Lista1/Test.java
A    mk1/TP/Lista2/Java/Test.java
A    mk1/TP/Lista3/Zad1/Figura.java
A    mk1/TP/Lista3/Zad1/Kwadrat.java
A    mk1/TP/Lista3/Zad1/Szesciokat.java
A    mk1/TP/Lista3/Zad2/Figura.hpp
A    mk1/TP/Lista3/Zad2/Kwadrat.hpp
A    mk1/TP/Lista3/Zad2/Prostokat.cpp
A    mk1/TP/Lista3/Zad2/Szesciokat.cpp
A    mk1/TP/Lista3/Zad3/Figury.java
A    mk1/TP/Lista4/Zad1/Main.java
A    mk1/TP/Lista4/Zad2/Main.fxml
A    mk1/TP/Lista5/ECircle.java
A    mk1/TP/Lista5/InfoController.java
A    mk1/TP/Lista6/Controller.java
A    mk1/WSPOLBIESZNE/Lista1/soldier
A    mk1/WSPOLBIESZNE/Lista1/soldier/v1
A    mk1/WSPOLBIESZNE/Lista1/soldier/v2
A    mk1/WSPOLBIESZNE/Lista1/soldier/v3
A    mk1/TS/l3/encode/main.go
A    mk1/TS/l3/encode/z
A    mk1/WSPOLBIESZNE/Lista1/out2
A    mk1/WSPOLBIESZNE/Lista1/soldier/v1/soldier.go
A    mk1/WSPOLBIESZNE/Lista1/travelers2.adb
A    mk1/TS/l1/Sprawozdanie lista 1-1.pdf
A    mk1/WSPOLBIESZNE/Lista1/out3
A    mk1/WSPOLBIESZNE/Lista1/soldier/v2/soldier.go
A    mk1/TS/l3/Device.java
A    mk1/TS/l3/decode/w
A    mk1/WSPOLBIESZNE/Lista1/travelers3.adb
A    mk1/WSPOLBIESZNE/Lista1/main.go
A    mk1/WSPOLBIESZNE/Lista1/outADA2
A    mk1/WSPOLBIESZNE/Lista1/soldier/v3/soldier.go
A    mk1/TS/l2/Sprawozdanie lista 2.pdf
A    mk1/TS/l3/Main.java
A    mk1/TS/l3/decode/z_recovered
A    mk1/WSPOLBIESZNE/Lista1/out1
A    mk1/WSPOLBIESZNE/Lista1/outADA3
A    mk1/WSPOLBIESZNE/Lista1/travel.log
Exported revision 13.
HW-9009: ~/.sdm-localhost zubrzycki.ngrok.io:INA % cd mk1/WSPOLBIESZNE/Lista1
HW-9009: ~/.sdm-localhost zubrzycki.ngrok.io:Lista1 % go build -o travelersGO1
HW-9009: ~/.sdm-localhost zubrzycki.ngrok.io:Lista1 % go build -o travelersGO2
HW-9009: ~/.sdm-localhost zubrzycki.ngrok.io:Lista1 % go build -o travelersGO3
HW-9009: ~/.sdm-localhost zubrzycki.ngrok.io:Lista1 % gnatmake travelers2.adb
HW-9009: ~/.sdm-localhost zubrzycki.ngrok.io:Lista1 % gnatmake travelers3.adb
HW-9009: ~/.sdm-localhost zubrzycki.ngrok.io:Lista1 % go build -o travelersGO3
HW-9009: ~/.sdm-localhost zubrzycki.ngrok.io:Lista1 % ./travelersGO1 > out1
HW-9009: ~/.sdm-localhost zubrzycki.ngrok.io:Lista1 % shasum out1
b67085db4e8e7c4f824cd7531c2c2bcc49520a44  out1
HW-9009: ~/.sdm-localhost zubrzycki.ngrok.io:Lista1 % ./travelersGO2 > out2
HW-9009: ~/.sdm-localhost zubrzycki.ngrok.io:Lista1 % shasum out2
5e8d982234f1fe86c0fba1c04d36b1cfdf914979  out2
HW-9009: ~/.sdm-localhost zubrzycki.ngrok.io:Lista1 % ./travelersGO3 > out3
HW-9009: ~/.sdm-localhost zubrzycki.ngrok.io:Lista1 % shasum out3
16ff036e6b59a16d7f96e5a5ef1ba89e62a233cd  out3
HW-9009: ~/.sdm-localhost zubrzycki.ngrok.io:Lista1 % ./travelers2 > outADA2
HW-9009: ~/.sdm-localhost zubrzycki.ngrok.io:Lista1 % shasum outADA2
c23bd1ebbef14f0ec37460e9808471057af52675  outADA2
HW-9009: ~/.sdm-localhost zubrzycki.ngrok.io:Lista1 % ./travelers3 > outADA3
HW-9009: ~/.sdm-localhost zubrzycki.ngrok.io:Lista1 % shasum outADA3
af403e1a5bb73be3bc433fc57c1a6667d24bfc02  outADA3
